* using log directory ‘/home/melina/SVN_PI/ecovirtual/RcmdrPlugin.EcoVirtual.Rcheck’
* using R version 2.14.2 (2012-02-29)
* using platform: i686-pc-linux-gnu (32-bit)
* using session charset: UTF-8
* checking for file ‘RcmdrPlugin.EcoVirtual/DESCRIPTION’ ... OK
* checking extension type ... Package
* this is package ‘RcmdrPlugin.EcoVirtual’ version ‘1.0’
* checking package dependencies ... OK
* checking if this is a source package ... OK
* checking if there is a namespace ... NOTE
As from R 2.14.0 all packages need a namespace.
One will be generated on installation, but it is better to handcraft a
NAMESPACE file: R CMD build will produce a suitable starting point.
* checking for executable files ... OK
* checking whether package ‘RcmdrPlugin.EcoVirtual’ can be installed ... OK
* checking installed package size ... OK
* checking package directory ... OK
* checking for portable file names ... OK
* checking for sufficient/correct file permissions ... OK
* checking DESCRIPTION meta-information ... OK
* checking top-level files ... OK
* checking index information ... OK
* checking package subdirectories ... OK
* checking R files for non-ASCII characters ... OK
* checking R files for syntax errors ... OK
* checking whether the package can be loaded ... OK
* checking whether the package can be loaded with stated dependencies ... OK
* checking whether the package can be unloaded cleanly ... OK
* checking for unstated dependencies in R code ... OK
* checking S3 generic/method consistency ... OK
* checking replacement functions ... OK
* checking foreign function calls ... OK
* checking R code for possible problems ... NOTE
ColExtDbox: no visible binding for global variable ‘top’
ColExtDbox: no visible binding for global variable ‘buttonsFrame’
arquipDbox: no visible binding for global variable ‘top’
arquipDbox: no visible binding for global variable ‘buttonsFrame’
bioGeoIslDbox: no visible binding for global variable ‘top’
bioGeoIslDbox: no visible binding for global variable ‘buttonsFrame’
comcompDbox: no visible binding for global variable ‘top’
comcompDbox: no visible binding for global variable ‘buttonsFrame’
compDb: no visible binding for global variable ‘top’
compDb: no visible binding for global variable ‘buttonsFrame’
estdemDb: no visible binding for global variable ‘top’
estdemDb: no visible binding for global variable ‘buttonsFrame’
extGameDbox: no visible binding for global variable ‘top’
extGameDbox: no visible binding for global variable ‘buttonsFrame’
extGameDbox: no visible binding for global variable ‘nsEntry’
hubDbox: no visible binding for global variable ‘top’
hubDbox: no visible binding for global variable ‘buttonsFrame’
intCol: no visible binding for global variable ‘top’
intCol: no visible binding for global variable ‘buttonsFrame’
metacompDb: no visible binding for global variable ‘top’
metacompDb: no visible binding for global variable ‘buttonsFrame’
popExp: no visible binding for global variable ‘top’
popExp: no visible binding for global variable ‘buttonsFrame’
popLog: no visible binding for global variable ‘top’
popLog: no visible binding for global variable ‘buttonsFrame’
popstrDb: no visible binding for global variable ‘top’
popstrDb: no visible binding for global variable ‘buttonsFrame’
propRain: no visible binding for global variable ‘top’
propRain: no visible binding for global variable ‘buttonsFrame’
randWalkDbox: no visible binding for global variable ‘top’
randWalkDbox: no visible binding for global variable ‘buttonsFrame’
regnichoDbox: no visible binding for global variable ‘top’
regnichoDbox: no visible binding for global variable ‘buttonsFrame’
resEff: no visible binding for global variable ‘top’
resEff: no visible binding for global variable ‘buttonsFrame’
resEffcol: no visible binding for global variable ‘top’
resEffcol: no visible binding for global variable ‘buttonsFrame’
spDep: no visible binding for global variable ‘top’
spDep: no visible binding for global variable ‘buttonsFrame’
sucmatrixDbox: no visible binding for global variable ‘top’
sucmatrixDbox : onOK: no visible binding for global variable ‘tcounts’
sucmatrixDbox: no visible binding for global variable ‘buttonsFrame’
* checking Rd files ... OK
* checking Rd metadata ... OK
* checking Rd cross-references ... OK
* checking for missing documentation entries ... WARNING
Undocumented code objects:
  ‘ColExtDbox’ ‘arquipDbox’ ‘bioGeoIslDbox’ ‘extGameDbox’ ‘gr.abund’
  ‘hubDbox’ ‘randWalkDbox’
All user-level objects in a package should have documentation entries.
See the chapter ‘Writing R documentation files’ in the ‘Writing R
Extensions’ manual.
* checking for code/documentation mismatches ... OK
* checking Rd \usage sections ... OK
* checking Rd contents ... OK
* checking for unstated dependencies in examples ... OK
* checking examples ... NONE
* checking PDF version of manual ... WARNING
LaTeX errors when creating PDF version.
This typically indicates Rd problems.
* checking PDF version of manual without hyperrefs or index ... ERROR
Re-running with no redirection of stdout/stderr.
