* using log directory ‘/home/melina/SVN_PI/ecovirtual/EcoVirtual.Rcheck’
* using R version 2.14.2 (2012-02-29)
* using platform: i686-pc-linux-gnu (32-bit)
* using session charset: UTF-8
* checking for file ‘EcoVirtual/DESCRIPTION’ ... OK
* checking extension type ... Package
* this is package ‘EcoVirtual’ version ‘1.0’
* checking package dependencies ... OK
* checking if this is a source package ... OK
* checking if there is a namespace ... NOTE
As from R 2.14.0 all packages need a namespace.
One will be generated on installation, but it is better to handcraft a
NAMESPACE file: R CMD build will produce a suitable starting point.
* checking for executable files ... OK
* checking whether package ‘EcoVirtual’ can be installed ... OK
* checking installed package size ... OK
* checking package directory ... OK
* checking for portable file names ... OK
* checking for sufficient/correct file permissions ... OK
* checking DESCRIPTION meta-information ... OK
* checking top-level files ... OK
* checking index information ... OK
* checking package subdirectories ... OK
* checking R files for non-ASCII characters ... WARNING
Found the following files with non-ASCII characters:
  bioGeo.R
Portable packages must use only ASCII characters in their R code,
except perhaps in comments.
* checking R files for syntax errors ... OK
* checking whether the package can be loaded ... OK
* checking whether the package can be loaded with stated dependencies ... OK
* checking whether the package can be unloaded cleanly ... OK
* checking for unstated dependencies in R code ... OK
* checking S3 generic/method consistency ... OK
* checking replacement functions ... OK
* checking foreign function calls ... OK
* checking R code for possible problems ... NOTE
MW: no visible binding for global variable ‘x’
MW.2.0: no visible binding for global variable ‘x’
graColExt: no visible binding for global variable ‘x’
graf.com: no visible binding for global variable ‘x’
grafeq: no visible binding for global variable ‘x’
spp.area: no visible binding for global variable ‘x’
* checking Rd files ... OK
* checking Rd metadata ... OK
* checking Rd cross-references ... OK
* checking for missing documentation entries ... WARNING
Undocumented code objects:
  ‘anima.isl’ ‘animaColExt’ ‘animaGame’ ‘animaHub’ ‘animaRandWalk’
  ‘arquip’ ‘bioGeoIsl’ ‘extGame’ ‘graColExt’ ‘meta.comp’
  ‘metacomp.anima’ ‘randWalk’ ‘simHub1’ ‘simHub2’ ‘simHub3’
All user-level objects in a package should have documentation entries.
See the chapter ‘Writing R documentation files’ in the ‘Writing R
Extensions’ manual.
* checking for code/documentation mismatches ... WARNING
Functions/methods with usage in documentation object 'meta.spac' but not in code:
  meta.spac

Functions/methods with usage in documentation object 'metaComp' but not in code:
  metaComp

* checking Rd \usage sections ... WARNING
Undocumented arguments in documentation object 'metaComp'
  ‘anima’
Objects in \usage without \alias in documentation object 'metaComp':
  ‘metacomp.anima’

Functions with \usage entries need to have the appropriate \alias
entries, and all their arguments documented.
The \usage entries must correspond to syntactically valid R code.
See the chapter ‘Writing R documentation files’ in the ‘Writing R
Extensions’ manual.
* checking Rd contents ... OK
* checking for unstated dependencies in examples ... OK
* checking examples ... ERROR
Running examples in ‘EcoVirtual-Ex.R’ failed
The error most likely occurred in:

> ### Name: metaComp
> ### Title: Metapopulation Competition Model
> ### Aliases: metaComp
> ### Keywords: metapopulation simulation
> 
> ### ** Examples
> 
> metaComp(tmax=100,cl=100,ln=100,fi1=0.1,fi2=0.4,i1=0.4,i2=0.5,pe=0.25)
Error: could not find function "metaComp"
Execution halted
